<?xml version="1.0" encoding="UTF-8"?>
<!-- Generated by org.testng.reporters.JUnitReportReporter -->
<testsuite hostname="DESKTOP-TAKCJM8" failures="0" tests="1" name="TestRun.FinalPostTestRun" time="7.444" errors="0" timestamp="2023-01-08T11:54:11 EST" skipped="0">
  <testcase classname="TestRun.FinalPostTestRun" name="postTestCases" time="7.444"/>
  <system-out/>
</testsuite> <!-- TestRun.FinalPostTestRun -->
