<?xml version="1.0" encoding="UTF-8"?>
<!-- Generated by org.testng.reporters.JUnitReportReporter -->
<testsuite hostname="DESKTOP-TAKCJM8" failures="0" tests="1" name="com.cucmber.test.CucumberRunner" time="0.414" errors="0" timestamp="2023-01-08T12:12:05 EST" skipped="1">
  <testcase classname="com.cucmber.test.CucumberRunner" name="runScenario" time="0.414">
    <skipped/>
  </testcase> <!-- runScenario -->
  <system-out/>
</testsuite> <!-- com.cucmber.test.CucumberRunner -->
