<?xml version="1.0" encoding="UTF-8"?>
<!-- Generated by org.testng.reporters.JUnitReportReporter -->
<testsuite hostname="DESKTOP-TAKCJM8" failures="0" tests="4" name="TestRun.APITestrunWithTestNG" time="7.177" errors="0" timestamp="2023-01-05T22:14:28 EST" skipped="0">
  <testcase classname="TestRun.APITestrunWithTestNG" name="getPostTest" time="6.136"/>
  <system-out/>
  <testcase classname="TestRun.APITestrunWithTestNG" name="getDeleteTest" time="0.309"/>
  <system-out/>
  <testcase classname="TestRun.APITestrunWithTestNG" name="getUpdateTest" time="0.393"/>
  <system-out/>
  <testcase classname="TestRun.APITestrunWithTestNG" name="getGetTest" time="0.339"/>
  <system-out/>
</testsuite> <!-- TestRun.APITestrunWithTestNG -->
